Using pre-set license
Built from '2020.3/staging' branch; Version is '2020.3.26f1 (7298b473bc1a) revision 7510196'; Using compiler version '192528614'; Build Type 'Release'
OS: 'Windows 10  (10.0.19042) 64bit Professional' Language: 'es' Physical Memory: 32684 MB
BatchMode: 1, IsHumanControllingUs: 0, StartBugReporterOnCrash: 0, Is64bit: 1, IsPro: 0

COMMAND LINE ARGUMENTS:
C:\Program Files\Unity\Hub\Editor\2020.3.26f1\Editor\Unity.exe
-adb2
-batchMode
-noUpm
-name
AssetImportWorker0
-projectPath
C:/Users/adria/Documents/Adrian/10mo.semestre/VR/ulsa-leapmotion2022
-logFile
Logs/AssetImportWorker0.log
-srvPort
50349
Successfully changed project path to: C:/Users/adria/Documents/Adrian/10mo.semestre/VR/ulsa-leapmotion2022
C:/Users/adria/Documents/Adrian/10mo.semestre/VR/ulsa-leapmotion2022
Using Asset Import Pipeline V2.
Refreshing native plugins compatible for Editor in 32.61 ms, found 3 plugins.
Preloading 0 native plugins for Editor in 0.00 ms.
Initialize engine version: 2020.3.26f1 (7298b473bc1a)
[Subsystems] Discovering subsystems at path C:/Program Files/Unity/Hub/Editor/2020.3.26f1/Editor/Data/Resources/UnitySubsystems
[Subsystems] Discovering subsystems at path C:/Users/adria/Documents/Adrian/10mo.semestre/VR/ulsa-leapmotion2022/Assets
GfxDevice: creating device client; threaded=0
Direct3D:
    Version:  Direct3D 11.0 [level 11.1]
    Renderer: NVIDIA GeForce RTX 3060 (ID=0x2503)
    Vendor:   
    VRAM:     12142 MB
    Driver:   30.0.15.1123
Initialize mono
Mono path[0] = 'C:/Program Files/Unity/Hub/Editor/2020.3.26f1/Editor/Data/Managed'
Mono path[1] = 'C:/Program Files/Unity/Hub/Editor/2020.3.26f1/Editor/Data/MonoBleedingEdge/lib/mono/unityjit'
Mono config path = 'C:/Program Files/Unity/Hub/Editor/2020.3.26f1/Editor/Data/MonoBleedingEdge/etc'
Using monoOptions --debugger-agent=transport=dt_socket,embedding=1,server=y,suspend=n,address=127.0.0.1:56648
Begin MonoManager ReloadAssembly
Registering precompiled unity dll's ...
Register platform support module: C:/Program Files/Unity/Hub/Editor/2020.3.26f1/Editor/Data/PlaybackEngines/WindowsStandaloneSupport/UnityEditor.WindowsStandalone.Extensions.dll
Registered in 0.001718 seconds.
Native extension for WindowsStandalone target not found
Refreshing native plugins compatible for Editor in 31.12 ms, found 3 plugins.
Preloading 0 native plugins for Editor in 0.00 ms.
Mono: successfully reloaded assembly
- Completed reload, in  0.448 seconds
Domain Reload Profiling:
	ReloadAssembly (448ms)
		BeginReloadAssembly (43ms)
			ExecutionOrderSort (0ms)
			DisableScriptedObjects (0ms)
			BackupInstance (0ms)
			ReleaseScriptingObjects (0ms)
			CreateAndSetChildDomain (1ms)
		EndReloadAssembly (346ms)
			LoadAssemblies (41ms)
			RebuildTransferFunctionScriptingTraits (0ms)
			SetupTypeCache (118ms)
			ReleaseScriptCaches (0ms)
			RebuildScriptCaches (24ms)
			SetupLoadedEditorAssemblies (126ms)
				LogAssemblyErrors (0ms)
				InitializePlatformSupportModulesInManaged (4ms)
				SetLoadedEditorAssemblies (0ms)
				RefreshPlugins (31ms)
				BeforeProcessingInitializeOnLoad (11ms)
				ProcessInitializeOnLoadAttributes (61ms)
				ProcessInitializeOnLoadMethodAttributes (20ms)
				AfterProcessingInitializeOnLoad (0ms)
				EditorAssembliesLoaded (0ms)
			ExecutionOrderSort2 (0ms)
			AwakeInstancesAfterBackupRestoration (0ms)
Platform modules already initialized, skipping
Registering precompiled user dll's ...
Registered in 0.003890 seconds.
Begin MonoManager ReloadAssembly
Native extension for WindowsStandalone target not found
Refreshing native plugins compatible for Editor in 0.43 ms, found 3 plugins.
Preloading 0 native plugins for Editor in 0.00 ms.
Mono: successfully reloaded assembly
- Completed reload, in  0.800 seconds
Domain Reload Profiling:
	ReloadAssembly (801ms)
		BeginReloadAssembly (115ms)
			ExecutionOrderSort (0ms)
			DisableScriptedObjects (4ms)
			BackupInstance (0ms)
			ReleaseScriptingObjects (0ms)
			CreateAndSetChildDomain (17ms)
		EndReloadAssembly (634ms)
			LoadAssemblies (67ms)
			RebuildTransferFunctionScriptingTraits (0ms)
			SetupTypeCache (227ms)
			ReleaseScriptCaches (0ms)
			RebuildScriptCaches (36ms)
			SetupLoadedEditorAssemblies (232ms)
				LogAssemblyErrors (0ms)
				InitializePlatformSupportModulesInManaged (4ms)
				SetLoadedEditorAssemblies (0ms)
				RefreshPlugins (0ms)
				BeforeProcessingInitializeOnLoad (72ms)
				ProcessInitializeOnLoadAttributes (143ms)
				ProcessInitializeOnLoadMethodAttributes (7ms)
				AfterProcessingInitializeOnLoad (5ms)
				EditorAssembliesLoaded (0ms)
			ExecutionOrderSort2 (0ms)
			AwakeInstancesAfterBackupRestoration (4ms)
Platform modules already initialized, skipping
========================================================================
Worker process is ready to serve import requests
Launched and connected shader compiler UnityShaderCompiler.exe after 0.04 seconds
Refreshing native plugins compatible for Editor in 0.71 ms, found 3 plugins.
Preloading 0 native plugins for Editor in 0.00 ms.
Unloading 1839 Unused Serialized files (Serialized files now loaded: 0)
System memory in use before: 80.5 MB.
System memory in use after: 80.4 MB.

Unloading 24 unused Assets to reduce memory usage. Loaded Objects now: 2267.
Total: 3.927000 ms (FindLiveObjects: 0.249300 ms CreateObjectMapping: 0.059800 ms MarkObjects: 3.358600 ms  DeleteObjects: 0.257900 ms)

AssetImportParameters requested are different than current active one (requested -> active):
  custom:framework-win-MediaFoundation: 216162199b28c13a410421893ffa2e32 -> 
  custom:video-decoder-ogg-theora: a1e56fd34408186e4bbccfd4996cb3dc -> 
  custom:container-muxer-webm: aa71ff27fc2769a1b78a27578f13a17b -> 
  custom:container-demuxer-webm: 4f35f7cbe854078d1ac9338744f61a02 -> 
  custom:container-demuxer-ogg: 62fdf1f143b41e24485cea50d1cbac27 -> 
  custom:video-encoder-webm-vp8: eb34c28f22e8b96e1ab97ce403110664 -> 
  custom:video-decoder-webm-vp8: 9c59270c3fd7afecdb556c50c9e8de78 -> 
  custom:audio-decoder-ogg-vorbis: bf7c407c2cedff20999df2af8eb42d56 -> 
  custom:audio-encoder-webm-vorbis: bf7c407c2cedff20999df2af8eb42d56 -> 
========================================================================
Received Import Request.
  path: Packages/com.ultraleap.tracking/Core/Runtime/Prefabs/HandModelsNonHuman
  artifactKey: Guid(ade16e37f33110645bb7964a5e702600) Importer(815301076,1909f56bfc062723c751e8b465ee728b)
Start importing Packages/com.ultraleap.tracking/Core/Runtime/Prefabs/HandModelsNonHuman using Guid(ade16e37f33110645bb7964a5e702600) Importer(815301076,1909f56bfc062723c751e8b465ee728b)  -> (artifact id: 'bf9c6a10d4fcf8932ecbfa27ae573123') in 0.009564 seconds 
  Import took 0.012850 seconds .

========================================================================
Received Import Request.
  Time since last request: 0.000185 seconds.
  path: Packages/com.ultraleap.tracking/Core/Runtime/Prefabs/HandModelsNonHuman/DebugHand.prefab
  artifactKey: Guid(e98e2c2cadb464c9892b9e4d60d61f6f) Importer(815301076,1909f56bfc062723c751e8b465ee728b)
Start importing Packages/com.ultraleap.tracking/Core/Runtime/Prefabs/HandModelsNonHuman/DebugHand.prefab using Guid(e98e2c2cadb464c9892b9e4d60d61f6f) Importer(815301076,1909f56bfc062723c751e8b465ee728b)  -> (artifact id: '13ae35da60c71a1da8017b72759e1edf') in 0.043840 seconds 
  Import took 0.046890 seconds .

========================================================================
Received Import Request.
  Time since last request: 0.000141 seconds.
  path: Packages/com.ultraleap.tracking/Core/Runtime/Prefabs/HandModelsNonHuman/Capsule Hand Right.prefab
  artifactKey: Guid(39d18871c11b53c4082d8202e3db68a3) Importer(815301076,1909f56bfc062723c751e8b465ee728b)
Start importing Packages/com.ultraleap.tracking/Core/Runtime/Prefabs/HandModelsNonHuman/Capsule Hand Right.prefab using Guid(39d18871c11b53c4082d8202e3db68a3) Importer(815301076,1909f56bfc062723c751e8b465ee728b)  -> (artifact id: '78b7fa6341c5443465d2745d7782505c') in 0.010999 seconds 
  Import took 0.013324 seconds .

========================================================================
Received Import Request.
  Time since last request: 0.000245 seconds.
  path: Packages/com.ultraleap.tracking/Core/Runtime/Prefabs/HandModelsNonHuman/Capsule Hand Left.prefab
  artifactKey: Guid(869d20cdda15af24aab9e72b5f2eec78) Importer(815301076,1909f56bfc062723c751e8b465ee728b)
Start importing Packages/com.ultraleap.tracking/Core/Runtime/Prefabs/HandModelsNonHuman/Capsule Hand Left.prefab using Guid(869d20cdda15af24aab9e72b5f2eec78) Importer(815301076,1909f56bfc062723c751e8b465ee728b)  -> (artifact id: '0e82bd733823c4dab7e1f0960dbba216') in 0.008162 seconds 
  Import took 0.011044 seconds .

========================================================================
Received Import Request.
  Time since last request: 11.924036 seconds.
  path: Packages/com.ultraleap.tracking/Core/Runtime/Prefabs/HandModelsPhysical
  artifactKey: Guid(d3dcf7ef7694cb24f90e27da063411d4) Importer(815301076,1909f56bfc062723c751e8b465ee728b)
Start importing Packages/com.ultraleap.tracking/Core/Runtime/Prefabs/HandModelsPhysical using Guid(d3dcf7ef7694cb24f90e27da063411d4) Importer(815301076,1909f56bfc062723c751e8b465ee728b)  -> (artifact id: 'e2462a6d0762f669e35dc94dfd14d71b') in 0.017001 seconds 
  Import took 0.032975 seconds .

========================================================================
Received Import Request.
  Time since last request: 0.026277 seconds.
  path: Packages/com.ultraleap.tracking/Core/Runtime/Prefabs/HandModelsPhysical/RigidFullHand.prefab
  artifactKey: Guid(f64990f14a4ef41e1aa0c2c8b5fbf1a0) Importer(815301076,1909f56bfc062723c751e8b465ee728b)
Start importing Packages/com.ultraleap.tracking/Core/Runtime/Prefabs/HandModelsPhysical/RigidFullHand.prefab using Guid(f64990f14a4ef41e1aa0c2c8b5fbf1a0) Importer(815301076,1909f56bfc062723c751e8b465ee728b)  -> (artifact id: 'bd1fc6dcd73069891ade12e7a1cdfda8') in 0.012648 seconds 
  Import took 0.015396 seconds .

========================================================================
Received Import Request.
  Time since last request: 0.000152 seconds.
  path: Packages/com.ultraleap.tracking/Core/Runtime/Prefabs/HandModelsPhysical/RigidRoundHand.prefab
  artifactKey: Guid(dc02f2d83c1ac4b4d9b4ec82df1b1732) Importer(815301076,1909f56bfc062723c751e8b465ee728b)
Start importing Packages/com.ultraleap.tracking/Core/Runtime/Prefabs/HandModelsPhysical/RigidRoundHand.prefab using Guid(dc02f2d83c1ac4b4d9b4ec82df1b1732) Importer(815301076,1909f56bfc062723c751e8b465ee728b)  -> (artifact id: '8a2c2b45d1511a11fec65da1ad2ee7d3') in 0.006380 seconds 
  Import took 0.009920 seconds .

========================================================================
Received Import Request.
  Time since last request: 0.000179 seconds.
  path: Packages/com.ultraleap.tracking/Core/Runtime/Prefabs/HandModelsPhysical/ThickRigidHand.prefab
  artifactKey: Guid(d1ee2987e72174f659cdf5447ad5403c) Importer(815301076,1909f56bfc062723c751e8b465ee728b)
Start importing Packages/com.ultraleap.tracking/Core/Runtime/Prefabs/HandModelsPhysical/ThickRigidHand.prefab using Guid(d1ee2987e72174f659cdf5447ad5403c) Importer(815301076,1909f56bfc062723c751e8b465ee728b)  -> (artifact id: 'd7b5167a6f983de7051c9572e52d14d6') in 0.008311 seconds 
  Import took 0.011066 seconds .

========================================================================
Received Import Request.
  Time since last request: 0.000179 seconds.
  path: Packages/com.ultraleap.tracking/Core/Runtime/Prefabs/HandModelsPhysical/RigidRoundHand_R.prefab
  artifactKey: Guid(c8515ebee271c0649b9db1321f3026a4) Importer(815301076,1909f56bfc062723c751e8b465ee728b)
Start importing Packages/com.ultraleap.tracking/Core/Runtime/Prefabs/HandModelsPhysical/RigidRoundHand_R.prefab using Guid(c8515ebee271c0649b9db1321f3026a4) Importer(815301076,1909f56bfc062723c751e8b465ee728b)  -> (artifact id: 'ac8e3144d859e54e65f6871d8a1c44a0') in 0.008069 seconds 
  Import took 0.011301 seconds .

========================================================================
Received Import Request.
  Time since last request: 0.000163 seconds.
  path: Packages/com.ultraleap.tracking/Core/Runtime/Prefabs/HandModelsPhysical/RigidHand.prefab
  artifactKey: Guid(4b359b2f0d7d14ef0a97b45ec153a3ef) Importer(815301076,1909f56bfc062723c751e8b465ee728b)
Start importing Packages/com.ultraleap.tracking/Core/Runtime/Prefabs/HandModelsPhysical/RigidHand.prefab using Guid(4b359b2f0d7d14ef0a97b45ec153a3ef) Importer(815301076,1909f56bfc062723c751e8b465ee728b)  -> (artifact id: 'f7999599c8e6debd60a172f8b6c4aceb') in 0.008252 seconds 
  Import took 0.011074 seconds .

========================================================================
Received Import Request.
  Time since last request: 0.000167 seconds.
  path: Packages/com.ultraleap.tracking/Core/Runtime/Prefabs/HandModelsPhysical/RigidRoundHand_L.prefab
  artifactKey: Guid(23f2cce114628a448bfeaae171b4c0c0) Importer(815301076,1909f56bfc062723c751e8b465ee728b)
Start importing Packages/com.ultraleap.tracking/Core/Runtime/Prefabs/HandModelsPhysical/RigidRoundHand_L.prefab using Guid(23f2cce114628a448bfeaae171b4c0c0) Importer(815301076,1909f56bfc062723c751e8b465ee728b)  -> (artifact id: '4d0294b1940ddf9c2970b010e0d4ad50') in 0.007890 seconds 
  Import took 0.010211 seconds .

AssetImportWorkerClient::OnTransportError - code=2 error=End of file
